# JRE version: OpenJDK Runtime Environment Temurin-21.0.10+7 (21.0.10+7) (build 21.0.10+7-LTS)
# Java VM: OpenJDK 64-Bit Server VM Temurin-21.0.10+7 (21.0.10+7-LTS, mixed mode, sharing, tiered, compressed oops, compressed class ptrs, parallel gc, windows-amd64)
GC Precious Log:
 CardTable entry size: 512
 CPUs: 12 total, 12 available
 Memory: 7381M
 Large Page Support: Disabled
 NUMA Support: Disabled
 Compressed Oops: Enabled (32-bit)
 Alignments: Space 512K, Generation 512K, Heap 2M
 Heap Min Capacity: 100M
 Heap Initial Capacity: 100M
 Heap Max Capacity: 2G
 Pre-touch: Disabled
 Parallel Workers: 10
Heap:
 PSYoungGen      total 17920K, used 16331K [0x00000000d5580000, 0x00000000d6b00000, 0x0000000100000000)
  eden space 16384K, 93% used [0x00000000d5580000,0x00000000d64669a8,0x00000000d6580000)
  from space 1536K, 69% used [0x00000000d6980000,0x00000000d6a8c318,0x00000000d6b00000)
  to   space 1536K, 0% used [0x00000000d6800000,0x00000000d6800000,0x00000000d6980000)
 ParOldGen       total 68608K, used 48407K [0x0000000080000000, 0x0000000084300000, 0x00000000d5580000)
  object space 68608K, 70% used [0x0000000080000000,0x0000000082f45ca8,0x0000000084300000)
 Metaspace       used 64126K, committed 65600K, reserved 1114112K
  class space    used 6885K, committed 7488K, reserved 1048576K
GC Heap History (20 events):
Event: 15.677 GC heap before
{Heap before GC invocations=34 (full 2):
 PSYoungGen      total 20480K, used 19552K [0x00000000d5580000, 0x00000000d6b80000, 0x0000000100000000)
  eden space 18944K, 100% used [0x00000000d5580000,0x00000000d6800000,0x00000000d6800000)
  from space 1536K, 39% used [0x00000000d6900000,0x00000000d6998000,0x00000000d6a80000)
  to   space 1024K, 0% used [0x00000000d6a80000,0x00000000d6a80000,0x00000000d6b80000)
 ParOldGen       total 68608K, used 42775K [0x0000000080000000, 0x0000000084300000, 0x00000000d5580000)
  object space 68608K, 62% used [0x0000000080000000,0x00000000829c5e00,0x0000000084300000)
 Metaspace       used 54965K, committed 56320K, reserved 1114112K
  class space    used 5968K, committed 6592K, reserved 1048576K
}
Event: 15.681 GC heap after
{Heap after GC invocations=34 (full 2):
 PSYoungGen      total 19456K, used 1023K [0x00000000d5580000, 0x00000000d6e00000, 0x0000000100000000)
  eden space 18432K, 0% used [0x00000000d5580000,0x00000000d5580000,0x00000000d6780000)
  from space 1024K, 99% used [0x00000000d6a80000,0x00000000d6b7fcb0,0x00000000d6b80000)
  to   space 3072K, 0% used [0x00000000d6780000,0x00000000d6780000,0x00000000d6a80000)
 ParOldGen       total 68608K, used 44025K [0x0000000080000000, 0x0000000084300000, 0x00000000d5580000)
  object space 68608K, 64% used [0x0000000080000000,0x0000000082afe7a8,0x0000000084300000)
 Metaspace       used 54965K, committed 56320K, reserved 1114112K
  class space    used 5968K, committed 6592K, reserved 1048576K
}
Event: 16.523 GC heap before
{Heap before GC invocations=35 (full 2):
 PSYoungGen      total 19456K, used 19455K [0x00000000d5580000, 0x00000000d6e00000, 0x0000000100000000)
  eden space 18432K, 100% used [0x00000000d5580000,0x00000000d6780000,0x00000000d6780000)
  from space 1024K, 99% used [0x00000000d6a80000,0x00000000d6b7fcb0,0x00000000d6b80000)
  to   space 3072K, 0% used [0x00000000d6780000,0x00000000d6780000,0x00000000d6a80000)
 ParOldGen       total 68608K, used 44025K [0x0000000080000000, 0x0000000084300000, 0x00000000d5580000)
  object space 68608K, 64% used [0x0000000080000000,0x0000000082afe7a8,0x0000000084300000)
 Metaspace       used 56696K, committed 58112K, reserved 1114112K
  class space    used 6094K, committed 6720K, reserved 1048576K
}
Event: 16.526 GC heap after
{Heap after GC invocations=35 (full 2):
 PSYoungGen      total 21504K, used 3062K [0x00000000d5580000, 0x00000000d7180000, 0x0000000100000000)
  eden space 18432K, 0% used [0x00000000d5580000,0x00000000d5580000,0x00000000d6780000)
  from space 3072K, 99% used [0x00000000d6780000,0x00000000d6a7daa0,0x00000000d6a80000)
  to   space 5120K, 0% used [0x00000000d6c80000,0x00000000d6c80000,0x00000000d7180000)
 ParOldGen       total 68608K, used 45200K [0x0000000080000000, 0x0000000084300000, 0x00000000d5580000)
  object space 68608K, 65% used [0x0000000080000000,0x0000000082c24130,0x0000000084300000)
 Metaspace       used 56696K, committed 58112K, reserved 1114112K
  class space    used 6094K, committed 6720K, reserved 1048576K
}
Event: 23.012 GC heap before
{Heap before GC invocations=36 (full 2):
 PSYoungGen      total 21504K, used 21494K [0x00000000d5580000, 0x00000000d7180000, 0x0000000100000000)
  eden space 18432K, 100% used [0x00000000d5580000,0x00000000d6780000,0x00000000d6780000)
  from space 3072K, 99% used [0x00000000d6780000,0x00000000d6a7daa0,0x00000000d6a80000)
  to   space 5120K, 0% used [0x00000000d6c80000,0x00000000d6c80000,0x00000000d7180000)
 ParOldGen       total 68608K, used 45200K [0x0000000080000000, 0x0000000084300000, 0x00000000d5580000)
  object space 68608K, 65% used [0x0000000080000000,0x0000000082c24130,0x0000000084300000)
 Metaspace       used 58369K, committed 59776K, reserved 1114112K
  class space    used 6293K, committed 6912K, reserved 1048576K
}
Event: 23.015 GC heap after
{Heap after GC invocations=36 (full 2):
 PSYoungGen      total 19456K, used 832K [0x00000000d5580000, 0x00000000d6d80000, 0x0000000100000000)
  eden space 18432K, 0% used [0x00000000d5580000,0x00000000d5580000,0x00000000d6780000)
  from space 1024K, 81% used [0x00000000d6c80000,0x00000000d6d50000,0x00000000d6d80000)
  to   space 2560K, 0% used [0x00000000d6880000,0x00000000d6880000,0x00000000d6b00000)
 ParOldGen       total 68608K, used 47980K [0x0000000080000000, 0x0000000084300000, 0x00000000d5580000)
  object space 68608K, 69% used [0x0000000080000000,0x0000000082edb318,0x0000000084300000)
 Metaspace       used 58369K, committed 59776K, reserved 1114112K
  class space    used 6293K, committed 6912K, reserved 1048576K
}
Event: 23.065 GC heap before
{Heap before GC invocations=37 (full 2):
 PSYoungGen      total 19456K, used 2646K [0x00000000d5580000, 0x00000000d6d80000, 0x0000000100000000)
  eden space 18432K, 9% used [0x00000000d5580000,0x00000000d5745bd8,0x00000000d6780000)
  from space 1024K, 81% used [0x00000000d6c80000,0x00000000d6d50000,0x00000000d6d80000)
  to   space 2560K, 0% used [0x00000000d6880000,0x00000000d6880000,0x00000000d6b00000)
 ParOldGen       total 68608K, used 47980K [0x0000000080000000, 0x0000000084300000, 0x00000000d5580000)
  object space 68608K, 69% used [0x0000000080000000,0x0000000082edb318,0x0000000084300000)
 Metaspace       used 58450K, committed 59776K, reserved 1114112K
  class space    used 6304K, committed 6912K, reserved 1048576K
}
Event: 23.067 GC heap after
{Heap after GC invocations=37 (full 2):
 PSYoungGen      total 20992K, used 544K [0x00000000d5580000, 0x00000000d6d00000, 0x0000000100000000)
  eden space 18432K, 0% used [0x00000000d5580000,0x00000000d5580000,0x00000000d6780000)
  from space 2560K, 21% used [0x00000000d6880000,0x00000000d6908000,0x00000000d6b00000)
  to   space 1024K, 0% used [0x00000000d6c00000,0x00000000d6c00000,0x00000000d6d00000)
 ParOldGen       total 68608K, used 48650K [0x0000000080000000, 0x0000000084300000, 0x00000000d5580000)
  object space 68608K, 70% used [0x0000000080000000,0x0000000082f82a60,0x0000000084300000)
 Metaspace       used 58450K, committed 59776K, reserved 1114112K
  class space    used 6304K, committed 6912K, reserved 1048576K
}
Event: 23.067 GC heap before
{Heap before GC invocations=38 (full 3):
 PSYoungGen      total 20992K, used 544K [0x00000000d5580000, 0x00000000d6d00000, 0x0000000100000000)
  eden space 18432K, 0% used [0x00000000d5580000,0x00000000d5580000,0x00000000d6780000)
  from space 2560K, 21% used [0x00000000d6880000,0x00000000d6908000,0x00000000d6b00000)
  to   space 1024K, 0% used [0x00000000d6c00000,0x00000000d6c00000,0x00000000d6d00000)
 ParOldGen       total 68608K, used 48650K [0x0000000080000000, 0x0000000084300000, 0x00000000d5580000)
  object space 68608K, 70% used [0x0000000080000000,0x0000000082f82a60,0x0000000084300000)
 Metaspace       used 58450K, committed 59776K, reserved 1114112K
  class space    used 6304K, committed 6912K, reserved 1048576K
}
Event: 23.146 GC heap after
{Heap after GC invocations=38 (full 3):
 PSYoungGen      total 20992K, used 0K [0x00000000d5580000, 0x00000000d6d00000, 0x0000000100000000)
  eden space 18432K, 0% used [0x00000000d5580000,0x00000000d5580000,0x00000000d6780000)
  from space 2560K, 0% used [0x00000000d6880000,0x00000000d6880000,0x00000000d6b00000)
  to   space 1024K, 0% used [0x00000000d6c00000,0x00000000d6c00000,0x00000000d6d00000)
 ParOldGen       total 68608K, used 41584K [0x0000000080000000, 0x0000000084300000, 0x00000000d5580000)
  object space 68608K, 60% used [0x0000000080000000,0x000000008289c2a0,0x0000000084300000)
 Metaspace       used 58446K, committed 59776K, reserved 1114112K
  class space    used 6303K, committed 6912K, reserved 1048576K
}
Event: 23.372 GC heap before
{Heap before GC invocations=39 (full 3):
 PSYoungGen      total 20992K, used 18432K [0x00000000d5580000, 0x00000000d6d00000, 0x0000000100000000)
  eden space 18432K, 100% used [0x00000000d5580000,0x00000000d6780000,0x00000000d6780000)
  from space 2560K, 0% used [0x00000000d6880000,0x00000000d6880000,0x00000000d6b00000)
  to   space 1024K, 0% used [0x00000000d6c00000,0x00000000d6c00000,0x00000000d6d00000)
 ParOldGen       total 68608K, used 41584K [0x0000000080000000, 0x0000000084300000, 0x00000000d5580000)
  object space 68608K, 60% used [0x0000000080000000,0x000000008289c2a0,0x0000000084300000)
 Metaspace       used 59345K, committed 60736K, reserved 1114112K
  class space    used 6415K, committed 7040K, reserved 1048576K
}
Event: 23.373 GC heap after
{Heap after GC invocations=39 (full 3):
 PSYoungGen      total 19456K, used 997K [0x00000000d5580000, 0x00000000d6d00000, 0x0000000100000000)
  eden space 18432K, 0% used [0x00000000d5580000,0x00000000d5580000,0x00000000d6780000)
  from space 1024K, 97% used [0x00000000d6c00000,0x00000000d6cf9420,0x00000000d6d00000)
  to   space 1536K, 0% used [0x00000000d6a00000,0x00000000d6a00000,0x00000000d6b80000)
 ParOldGen       total 68608K, used 41752K [0x0000000080000000, 0x0000000084300000, 0x00000000d5580000)
  object space 68608K, 60% used [0x0000000080000000,0x00000000828c62a0,0x0000000084300000)
 Metaspace       used 59345K, committed 60736K, reserved 1114112K
  class space    used 6415K, committed 7040K, reserved 1048576K
}
Event: 23.904 GC heap before
{Heap before GC invocations=40 (full 3):
 PSYoungGen      total 19456K, used 19429K [0x00000000d5580000, 0x00000000d6d00000, 0x0000000100000000)
  eden space 18432K, 100% used [0x00000000d5580000,0x00000000d6780000,0x00000000d6780000)
  from space 1024K, 97% used [0x00000000d6c00000,0x00000000d6cf9420,0x00000000d6d00000)
  to   space 1536K, 0% used [0x00000000d6a00000,0x00000000d6a00000,0x00000000d6b80000)
 ParOldGen       total 68608K, used 41752K [0x0000000080000000, 0x0000000084300000, 0x00000000d5580000)
  object space 68608K, 60% used [0x0000000080000000,0x00000000828c62a0,0x0000000084300000)
 Metaspace       used 60756K, committed 62272K, reserved 1114112K
  class space    used 6561K, committed 7232K, reserved 1048576K
}
Event: 23.906 GC heap after
{Heap after GC invocations=40 (full 3):
 PSYoungGen      total 19968K, used 768K [0x00000000d5580000, 0x00000000d6c80000, 0x0000000100000000)
  eden space 18432K, 0% used [0x00000000d5580000,0x00000000d5580000,0x00000000d6780000)
  from space 1536K, 50% used [0x00000000d6a00000,0x00000000d6ac0020,0x00000000d6b80000)
  to   space 1024K, 0% used [0x00000000d6b80000,0x00000000d6b80000,0x00000000d6c80000)
 ParOldGen       total 68608K, used 42733K [0x0000000080000000, 0x0000000084300000, 0x00000000d5580000)
  object space 68608K, 62% used [0x0000000080000000,0x00000000829bb428,0x0000000084300000)
 Metaspace       used 60756K, committed 62272K, reserved 1114112K
  class space    used 6561K, committed 7232K, reserved 1048576K
}
Event: 24.022 GC heap before
{Heap before GC invocations=41 (full 3):
 PSYoungGen      total 19968K, used 19200K [0x00000000d5580000, 0x00000000d6c80000, 0x0000000100000000)
  eden space 18432K, 100% used [0x00000000d5580000,0x00000000d6780000,0x00000000d6780000)
  from space 1536K, 50% used [0x00000000d6a00000,0x00000000d6ac0020,0x00000000d6b80000)
  to   space 1024K, 0% used [0x00000000d6b80000,0x00000000d6b80000,0x00000000d6c80000)
 ParOldGen       total 68608K, used 42733K [0x0000000080000000, 0x0000000084300000, 0x00000000d5580000)
  object space 68608K, 62% used [0x0000000080000000,0x00000000829bb428,0x0000000084300000)
 Metaspace       used 61394K, committed 62912K, reserved 1114112K
  class space    used 6628K, committed 7296K, reserved 1048576K
}
Event: 24.025 GC heap after
{Heap after GC invocations=41 (full 3):
 PSYoungGen      total 17408K, used 1007K [0x00000000d5580000, 0x00000000d7380000, 0x0000000100000000)
  eden space 16384K, 0% used [0x00000000d5580000,0x00000000d5580000,0x00000000d6580000)
  from space 1024K, 98% used [0x00000000d6b80000,0x00000000d6c7bc90,0x00000000d6c80000)
  to   space 6144K, 0% used [0x00000000d6580000,0x00000000d6580000,0x00000000d6b80000)
 ParOldGen       total 68608K, used 47005K [0x0000000080000000, 0x0000000084300000, 0x00000000d5580000)
  object space 68608K, 68% used [0x0000000080000000,0x0000000082de7468,0x0000000084300000)
 Metaspace       used 61394K, committed 62912K, reserved 1114112K
  class space    used 6628K, committed 7296K, reserved 1048576K
}
Event: 24.154 GC heap before
{Heap before GC invocations=42 (full 3):
 PSYoungGen      total 17408K, used 17391K [0x00000000d5580000, 0x00000000d7380000, 0x0000000100000000)
  eden space 16384K, 100% used [0x00000000d5580000,0x00000000d6580000,0x00000000d6580000)
  from space 1024K, 98% used [0x00000000d6b80000,0x00000000d6c7bc90,0x00000000d6c80000)
  to   space 6144K, 0% used [0x00000000d6580000,0x00000000d6580000,0x00000000d6b80000)
 ParOldGen       total 68608K, used 47005K [0x0000000080000000, 0x0000000084300000, 0x00000000d5580000)
  object space 68608K, 68% used [0x0000000080000000,0x0000000082de7468,0x0000000084300000)
 Metaspace       used 61793K, committed 63232K, reserved 1114112K
  class space    used 6666K, committed 7296K, reserved 1048576K
}
Event: 24.156 GC heap after
{Heap after GC invocations=42 (full 3):
 PSYoungGen      total 17408K, used 771K [0x00000000d5580000, 0x00000000d6c00000, 0x0000000100000000)
  eden space 16384K, 0% used [0x00000000d5580000,0x00000000d5580000,0x00000000d6580000)
  from space 1024K, 75% used [0x00000000d6580000,0x00000000d6640e58,0x00000000d6680000)
  to   space 2560K, 0% used [0x00000000d6980000,0x00000000d6980000,0x00000000d6c00000)
 ParOldGen       total 68608K, used 47935K [0x0000000080000000, 0x0000000084300000, 0x00000000d5580000)
  object space 68608K, 69% used [0x0000000080000000,0x0000000082ecfc58,0x0000000084300000)
 Metaspace       used 61793K, committed 63232K, reserved 1114112K
  class space    used 6666K, committed 7296K, reserved 1048576K
}
Event: 24.349 GC heap before
{Heap before GC invocations=43 (full 3):
 PSYoungGen      total 17408K, used 17155K [0x00000000d5580000, 0x00000000d6c00000, 0x0000000100000000)
  eden space 16384K, 100% used [0x00000000d5580000,0x00000000d6580000,0x00000000d6580000)
  from space 1024K, 75% used [0x00000000d6580000,0x00000000d6640e58,0x00000000d6680000)
  to   space 2560K, 0% used [0x00000000d6980000,0x00000000d6980000,0x00000000d6c00000)
 ParOldGen       total 68608K, used 47935K [0x0000000080000000, 0x0000000084300000, 0x00000000d5580000)
  object space 68608K, 69% used [0x0000000080000000,0x0000000082ecfc58,0x0000000084300000)
 Metaspace       used 62657K, committed 64128K, reserved 1114112K
  class space    used 6776K, committed 7424K, reserved 1048576K
}
Event: 24.351 GC heap after
{Heap after GC invocations=43 (full 3):
 PSYoungGen      total 17920K, used 1072K [0x00000000d5580000, 0x00000000d6b00000, 0x0000000100000000)
  eden space 16384K, 0% used [0x00000000d5580000,0x00000000d5580000,0x00000000d6580000)
  from space 1536K, 69% used [0x00000000d6980000,0x00000000d6a8c318,0x00000000d6b00000)
  to   space 1536K, 0% used [0x00000000d6800000,0x00000000d6800000,0x00000000d6980000)
 ParOldGen       total 68608K, used 48407K [0x0000000080000000, 0x0000000084300000, 0x00000000d5580000)
  object space 68608K, 70% used [0x0000000080000000,0x0000000082f45ca8,0x0000000084300000)
 Metaspace       used 62657K, committed 64128K, reserved 1114112K
  class space    used 6776K, committed 7424K, reserved 1048576K
}

