# JRE version: OpenJDK Runtime Environment Temurin-21.0.10+7 (21.0.10+7) (build 21.0.10+7-LTS)
# Java VM: OpenJDK 64-Bit Server VM Temurin-21.0.10+7 (21.0.10+7-LTS, mixed mode, sharing, tiered, compressed oops, compressed class ptrs, parallel gc, windows-amd64)
GC Precious Log:
 CardTable entry size: 512
 CPUs: 12 total, 12 available
 Memory: 7381M
 Large Page Support: Disabled
 NUMA Support: Disabled
 Compressed Oops: Enabled (32-bit)
 Alignments: Space 512K, Generation 512K, Heap 2M
 Heap Min Capacity: 100M
 Heap Initial Capacity: 100M
 Heap Max Capacity: 2G
 Pre-touch: Disabled
 Parallel Workers: 10
Heap:
 PSYoungGen      total 18432K, used 16529K [0x00000000d5580000, 0x00000000d6980000, 0x0000000100000000)
  eden space 17920K, 89% used [0x00000000d5580000,0x00000000d65285d0,0x00000000d6700000)
  from space 512K, 96% used [0x00000000d6900000,0x00000000d697be78,0x00000000d6980000)
  to   space 1024K, 0% used [0x00000000d6780000,0x00000000d6780000,0x00000000d6880000)
 ParOldGen       total 68608K, used 49205K [0x0000000080000000, 0x0000000084300000, 0x00000000d5580000)
  object space 68608K, 71% used [0x0000000080000000,0x000000008300d690,0x0000000084300000)
 Metaspace       used 64605K, committed 66112K, reserved 1114112K
  class space    used 6901K, committed 7552K, reserved 1048576K
GC Heap History (20 events):
Event: 32.402 GC heap before
{Heap before GC invocations=36 (full 2):
 PSYoungGen      total 19456K, used 19438K [0x00000000d5580000, 0x00000000d7300000, 0x0000000100000000)
  eden space 17920K, 100% used [0x00000000d5580000,0x00000000d6700000,0x00000000d6700000)
  from space 1536K, 98% used [0x00000000d6700000,0x00000000d687ba40,0x00000000d6880000)
  to   space 6144K, 0% used [0x00000000d6d00000,0x00000000d6d00000,0x00000000d7300000)
 ParOldGen       total 68608K, used 46851K [0x0000000080000000, 0x0000000084300000, 0x00000000d5580000)
  object space 68608K, 68% used [0x0000000080000000,0x0000000082dc0ce8,0x0000000084300000)
 Metaspace       used 57512K, committed 58880K, reserved 1114112K
  class space    used 6218K, committed 6784K, reserved 1048576K
}
Event: 32.405 GC heap after
{Heap after GC invocations=36 (full 2):
 PSYoungGen      total 19456K, used 1131K [0x00000000d5580000, 0x00000000d6e80000, 0x0000000100000000)
  eden space 17920K, 0% used [0x00000000d5580000,0x00000000d5580000,0x00000000d6700000)
  from space 1536K, 73% used [0x00000000d6d00000,0x00000000d6e1ac70,0x00000000d6e80000)
  to   space 2560K, 0% used [0x00000000d6980000,0x00000000d6980000,0x00000000d6c00000)
 ParOldGen       total 68608K, used 48353K [0x0000000080000000, 0x0000000084300000, 0x00000000d5580000)
  object space 68608K, 70% used [0x0000000080000000,0x0000000082f38488,0x0000000084300000)
 Metaspace       used 57512K, committed 58880K, reserved 1114112K
  class space    used 6218K, committed 6784K, reserved 1048576K
}
Event: 32.511 GC heap before
{Heap before GC invocations=37 (full 2):
 PSYoungGen      total 19456K, used 19051K [0x00000000d5580000, 0x00000000d6e80000, 0x0000000100000000)
  eden space 17920K, 100% used [0x00000000d5580000,0x00000000d6700000,0x00000000d6700000)
  from space 1536K, 73% used [0x00000000d6d00000,0x00000000d6e1ac70,0x00000000d6e80000)
  to   space 2560K, 0% used [0x00000000d6980000,0x00000000d6980000,0x00000000d6c00000)
 ParOldGen       total 68608K, used 48353K [0x0000000080000000, 0x0000000084300000, 0x00000000d5580000)
  object space 68608K, 70% used [0x0000000080000000,0x0000000082f38488,0x0000000084300000)
 Metaspace       used 57918K, committed 59264K, reserved 1114112K
  class space    used 6277K, committed 6848K, reserved 1048576K
}
Event: 32.514 GC heap after
{Heap after GC invocations=37 (full 2):
 PSYoungGen      total 20480K, used 707K [0x00000000d5580000, 0x00000000d6d80000, 0x0000000100000000)
  eden space 17920K, 0% used [0x00000000d5580000,0x00000000d5580000,0x00000000d6700000)
  from space 2560K, 27% used [0x00000000d6980000,0x00000000d6a30e18,0x00000000d6c00000)
  to   space 1536K, 0% used [0x00000000d6c00000,0x00000000d6c00000,0x00000000d6d80000)
 ParOldGen       total 68608K, used 49257K [0x0000000080000000, 0x0000000084300000, 0x00000000d5580000)
  object space 68608K, 71% used [0x0000000080000000,0x000000008301a468,0x0000000084300000)
 Metaspace       used 57918K, committed 59264K, reserved 1114112K
  class space    used 6277K, committed 6848K, reserved 1048576K
}
Event: 32.612 GC heap before
{Heap before GC invocations=38 (full 2):
 PSYoungGen      total 20480K, used 12033K [0x00000000d5580000, 0x00000000d6d80000, 0x0000000100000000)
  eden space 17920K, 63% used [0x00000000d5580000,0x00000000d608f720,0x00000000d6700000)
  from space 2560K, 27% used [0x00000000d6980000,0x00000000d6a30e18,0x00000000d6c00000)
  to   space 1536K, 0% used [0x00000000d6c00000,0x00000000d6c00000,0x00000000d6d80000)
 ParOldGen       total 68608K, used 49257K [0x0000000080000000, 0x0000000084300000, 0x00000000d5580000)
  object space 68608K, 71% used [0x0000000080000000,0x000000008301a468,0x0000000084300000)
 Metaspace       used 58345K, committed 59776K, reserved 1114112K
  class space    used 6318K, committed 6912K, reserved 1048576K
}
Event: 32.616 GC heap after
{Heap after GC invocations=38 (full 2):
 PSYoungGen      total 19456K, used 1149K [0x00000000d5580000, 0x00000000d6d80000, 0x0000000100000000)
  eden space 17920K, 0% used [0x00000000d5580000,0x00000000d5580000,0x00000000d6700000)
  from space 1536K, 74% used [0x00000000d6c00000,0x00000000d6d1f5e0,0x00000000d6d80000)
  to   space 1536K, 0% used [0x00000000d6a80000,0x00000000d6a80000,0x00000000d6c00000)
 ParOldGen       total 68608K, used 49679K [0x0000000080000000, 0x0000000084300000, 0x00000000d5580000)
  object space 68608K, 72% used [0x0000000080000000,0x0000000083083ca0,0x0000000084300000)
 Metaspace       used 58345K, committed 59776K, reserved 1114112K
  class space    used 6318K, committed 6912K, reserved 1048576K
}
Event: 32.616 GC heap before
{Heap before GC invocations=39 (full 3):
 PSYoungGen      total 19456K, used 1149K [0x00000000d5580000, 0x00000000d6d80000, 0x0000000100000000)
  eden space 17920K, 0% used [0x00000000d5580000,0x00000000d5580000,0x00000000d6700000)
  from space 1536K, 74% used [0x00000000d6c00000,0x00000000d6d1f5e0,0x00000000d6d80000)
  to   space 1536K, 0% used [0x00000000d6a80000,0x00000000d6a80000,0x00000000d6c00000)
 ParOldGen       total 68608K, used 49679K [0x0000000080000000, 0x0000000084300000, 0x00000000d5580000)
  object space 68608K, 72% used [0x0000000080000000,0x0000000083083ca0,0x0000000084300000)
 Metaspace       used 58345K, committed 59776K, reserved 1114112K
  class space    used 6318K, committed 6912K, reserved 1048576K
}
Event: 32.733 GC heap after
{Heap after GC invocations=39 (full 3):
 PSYoungGen      total 19456K, used 0K [0x00000000d5580000, 0x00000000d6d80000, 0x0000000100000000)
  eden space 17920K, 0% used [0x00000000d5580000,0x00000000d5580000,0x00000000d6700000)
  from space 1536K, 0% used [0x00000000d6c00000,0x00000000d6c00000,0x00000000d6d80000)
  to   space 1536K, 0% used [0x00000000d6a80000,0x00000000d6a80000,0x00000000d6c00000)
 ParOldGen       total 68608K, used 42577K [0x0000000080000000, 0x0000000084300000, 0x00000000d5580000)
  object space 68608K, 62% used [0x0000000080000000,0x0000000082994470,0x0000000084300000)
 Metaspace       used 58342K, committed 59776K, reserved 1114112K
  class space    used 6317K, committed 6912K, reserved 1048576K
}
Event: 33.029 GC heap before
{Heap before GC invocations=40 (full 3):
 PSYoungGen      total 19456K, used 17920K [0x00000000d5580000, 0x00000000d6d80000, 0x0000000100000000)
  eden space 17920K, 100% used [0x00000000d5580000,0x00000000d6700000,0x00000000d6700000)
  from space 1536K, 0% used [0x00000000d6c00000,0x00000000d6c00000,0x00000000d6d80000)
  to   space 1536K, 0% used [0x00000000d6a80000,0x00000000d6a80000,0x00000000d6c00000)
 ParOldGen       total 68608K, used 42577K [0x0000000080000000, 0x0000000084300000, 0x00000000d5580000)
  object space 68608K, 62% used [0x0000000080000000,0x0000000082994470,0x0000000084300000)
 Metaspace       used 60053K, committed 61440K, reserved 1114112K
  class space    used 6525K, committed 7104K, reserved 1048576K
}
Event: 33.031 GC heap after
{Heap after GC invocations=40 (full 3):
 PSYoungGen      total 19456K, used 1439K [0x00000000d5580000, 0x00000000d6c80000, 0x0000000100000000)
  eden space 17920K, 0% used [0x00000000d5580000,0x00000000d5580000,0x00000000d6700000)
  from space 1536K, 93% used [0x00000000d6a80000,0x00000000d6be7df0,0x00000000d6c00000)
  to   space 512K, 0% used [0x00000000d6c00000,0x00000000d6c00000,0x00000000d6c80000)
 ParOldGen       total 68608K, used 42585K [0x0000000080000000, 0x0000000084300000, 0x00000000d5580000)
  object space 68608K, 62% used [0x0000000080000000,0x0000000082996470,0x0000000084300000)
 Metaspace       used 60053K, committed 61440K, reserved 1114112K
  class space    used 6525K, committed 7104K, reserved 1048576K
}
Event: 33.327 GC heap before
{Heap before GC invocations=41 (full 3):
 PSYoungGen      total 19456K, used 19359K [0x00000000d5580000, 0x00000000d6c80000, 0x0000000100000000)
  eden space 17920K, 99% used [0x00000000d5580000,0x00000000d66fffb8,0x00000000d6700000)
  from space 1536K, 93% used [0x00000000d6a80000,0x00000000d6be7df0,0x00000000d6c00000)
  to   space 512K, 0% used [0x00000000d6c00000,0x00000000d6c00000,0x00000000d6c80000)
 ParOldGen       total 68608K, used 42585K [0x0000000080000000, 0x0000000084300000, 0x00000000d5580000)
  object space 68608K, 62% used [0x0000000080000000,0x0000000082996470,0x0000000084300000)
 Metaspace       used 61304K, committed 62656K, reserved 1114112K
  class space    used 6652K, committed 7232K, reserved 1048576K
}
Event: 33.328 GC heap after
{Heap after GC invocations=41 (full 3):
 PSYoungGen      total 18432K, used 500K [0x00000000d5580000, 0x00000000d6e00000, 0x0000000100000000)
  eden space 17920K, 0% used [0x00000000d5580000,0x00000000d5580000,0x00000000d6700000)
  from space 512K, 97% used [0x00000000d6c00000,0x00000000d6c7d2c8,0x00000000d6c80000)
  to   space 3584K, 0% used [0x00000000d6700000,0x00000000d6700000,0x00000000d6a80000)
 ParOldGen       total 68608K, used 45158K [0x0000000080000000, 0x0000000084300000, 0x00000000d5580000)
  object space 68608K, 65% used [0x0000000080000000,0x0000000082c19970,0x0000000084300000)
 Metaspace       used 61304K, committed 62656K, reserved 1114112K
  class space    used 6652K, committed 7232K, reserved 1048576K
}
Event: 33.511 GC heap before
{Heap before GC invocations=42 (full 3):
 PSYoungGen      total 18432K, used 18414K [0x00000000d5580000, 0x00000000d6e00000, 0x0000000100000000)
  eden space 17920K, 99% used [0x00000000d5580000,0x00000000d66fe7f8,0x00000000d6700000)
  from space 512K, 97% used [0x00000000d6c00000,0x00000000d6c7d2c8,0x00000000d6c80000)
  to   space 3584K, 0% used [0x00000000d6700000,0x00000000d6700000,0x00000000d6a80000)
 ParOldGen       total 68608K, used 45158K [0x0000000080000000, 0x0000000084300000, 0x00000000d5580000)
  object space 68608K, 65% used [0x0000000080000000,0x0000000082c19970,0x0000000084300000)
 Metaspace       used 62024K, committed 63488K, reserved 1114112K
  class space    used 6724K, committed 7360K, reserved 1048576K
}
Event: 33.514 GC heap after
{Heap after GC invocations=42 (full 3):
 PSYoungGen      total 20992K, used 2968K [0x00000000d5580000, 0x00000000d6d00000, 0x0000000100000000)
  eden space 17920K, 0% used [0x00000000d5580000,0x00000000d5580000,0x00000000d6700000)
  from space 3072K, 96% used [0x00000000d6700000,0x00000000d69e6208,0x00000000d6a00000)
  to   space 3072K, 0% used [0x00000000d6a00000,0x00000000d6a00000,0x00000000d6d00000)
 ParOldGen       total 68608K, used 45659K [0x0000000080000000, 0x0000000084300000, 0x00000000d5580000)
  object space 68608K, 66% used [0x0000000080000000,0x0000000082c96e48,0x0000000084300000)
 Metaspace       used 62024K, committed 63488K, reserved 1114112K
  class space    used 6724K, committed 7360K, reserved 1048576K
}
Event: 33.721 GC heap before
{Heap before GC invocations=43 (full 3):
 PSYoungGen      total 20992K, used 20888K [0x00000000d5580000, 0x00000000d6d00000, 0x0000000100000000)
  eden space 17920K, 100% used [0x00000000d5580000,0x00000000d6700000,0x00000000d6700000)
  from space 3072K, 96% used [0x00000000d6700000,0x00000000d69e6208,0x00000000d6a00000)
  to   space 3072K, 0% used [0x00000000d6a00000,0x00000000d6a00000,0x00000000d6d00000)
 ParOldGen       total 68608K, used 45659K [0x0000000080000000, 0x0000000084300000, 0x00000000d5580000)
  object space 68608K, 66% used [0x0000000080000000,0x0000000082c96e48,0x0000000084300000)
 Metaspace       used 62913K, committed 64384K, reserved 1114112K
  class space    used 6796K, committed 7424K, reserved 1048576K
}
Event: 33.723 GC heap after
{Heap after GC invocations=43 (full 3):
 PSYoungGen      total 19456K, used 1366K [0x00000000d5580000, 0x00000000d6b80000, 0x0000000100000000)
  eden space 17920K, 0% used [0x00000000d5580000,0x00000000d5580000,0x00000000d6700000)
  from space 1536K, 88% used [0x00000000d6a00000,0x00000000d6b55bc8,0x00000000d6b80000)
  to   space 2048K, 0% used [0x00000000d6780000,0x00000000d6780000,0x00000000d6980000)
 ParOldGen       total 68608K, used 47065K [0x0000000080000000, 0x0000000084300000, 0x00000000d5580000)
  object space 68608K, 68% used [0x0000000080000000,0x0000000082df6690,0x0000000084300000)
 Metaspace       used 62913K, committed 64384K, reserved 1114112K
  class space    used 6796K, committed 7424K, reserved 1048576K
}
Event: 33.916 GC heap before
{Heap before GC invocations=44 (full 3):
 PSYoungGen      total 19456K, used 19286K [0x00000000d5580000, 0x00000000d6b80000, 0x0000000100000000)
  eden space 17920K, 100% used [0x00000000d5580000,0x00000000d6700000,0x00000000d6700000)
  from space 1536K, 88% used [0x00000000d6a00000,0x00000000d6b55bc8,0x00000000d6b80000)
  to   space 2048K, 0% used [0x00000000d6780000,0x00000000d6780000,0x00000000d6980000)
 ParOldGen       total 68608K, used 47065K [0x0000000080000000, 0x0000000084300000, 0x00000000d5580000)
  object space 68608K, 68% used [0x0000000080000000,0x0000000082df6690,0x0000000084300000)
 Metaspace       used 63488K, committed 64896K, reserved 1114112K
  class space    used 6835K, committed 7424K, reserved 1048576K
}
Event: 33.917 GC heap after
{Heap after GC invocations=44 (full 3):
 PSYoungGen      total 19456K, used 1535K [0x00000000d5580000, 0x00000000d6b00000, 0x0000000100000000)
  eden space 17920K, 0% used [0x00000000d5580000,0x00000000d5580000,0x00000000d6700000)
  from space 1536K, 99% used [0x00000000d6780000,0x00000000d68ffd20,0x00000000d6900000)
  to   space 2048K, 0% used [0x00000000d6900000,0x00000000d6900000,0x00000000d6b00000)
 ParOldGen       total 68608K, used 47831K [0x0000000080000000, 0x0000000084300000, 0x00000000d5580000)
  object space 68608K, 69% used [0x0000000080000000,0x0000000082eb5f70,0x0000000084300000)
 Metaspace       used 63488K, committed 64896K, reserved 1114112K
  class space    used 6835K, committed 7424K, reserved 1048576K
}
Event: 34.110 GC heap before
{Heap before GC invocations=45 (full 3):
 PSYoungGen      total 19456K, used 19455K [0x00000000d5580000, 0x00000000d6b00000, 0x0000000100000000)
  eden space 17920K, 100% used [0x00000000d5580000,0x00000000d6700000,0x00000000d6700000)
  from space 1536K, 99% used [0x00000000d6780000,0x00000000d68ffd20,0x00000000d6900000)
  to   space 2048K, 0% used [0x00000000d6900000,0x00000000d6900000,0x00000000d6b00000)
 ParOldGen       total 68608K, used 47831K [0x0000000080000000, 0x0000000084300000, 0x00000000d5580000)
  object space 68608K, 69% used [0x0000000080000000,0x0000000082eb5f70,0x0000000084300000)
 Metaspace       used 63770K, committed 65152K, reserved 1114112K
  class space    used 6837K, committed 7424K, reserved 1048576K
}
Event: 34.112 GC heap after
{Heap after GC invocations=45 (full 3):
 PSYoungGen      total 18432K, used 495K [0x00000000d5580000, 0x00000000d6980000, 0x0000000100000000)
  eden space 17920K, 0% used [0x00000000d5580000,0x00000000d5580000,0x00000000d6700000)
  from space 512K, 96% used [0x00000000d6900000,0x00000000d697be78,0x00000000d6980000)
  to   space 1024K, 0% used [0x00000000d6780000,0x00000000d6780000,0x00000000d6880000)
 ParOldGen       total 68608K, used 49205K [0x0000000080000000, 0x0000000084300000, 0x00000000d5580000)
  object space 68608K, 71% used [0x0000000080000000,0x000000008300d690,0x0000000084300000)
 Metaspace       used 63770K, committed 65152K, reserved 1114112K
  class space    used 6837K, committed 7424K, reserved 1048576K
}

